Using pre-set license
Built from '2020.3/staging' branch; Version is '2020.3.25f1 (9b9180224418) revision 10195328'; Using compiler version '192528614'; Build Type 'Release'
OS: 'Windows 10  (10.0.19043) 64bit Professional' Language: 'zh' Physical Memory: 16217 MB
BatchMode: 1, IsHumanControllingUs: 0, StartBugReporterOnCrash: 0, Is64bit: 1, IsPro: 0

COMMAND LINE ARGUMENTS:
C:\Program Files\Unity\Hub\Editor\2020.3.25f1\Editor\Unity.exe
-adb2
-batchMode
-noUpm
-name
AssetImportWorker0
-projectPath
C:/Users/user/Desktop/20220222_40725017/20220222_40725017
-logFile
Logs/AssetImportWorker0.log
-srvPort
1574
Successfully changed project path to: C:/Users/user/Desktop/20220222_40725017/20220222_40725017
C:/Users/user/Desktop/20220222_40725017/20220222_40725017
Using Asset Import Pipeline V2.
Refreshing native plugins compatible for Editor in 39.05 ms, found 3 plugins.
Preloading 0 native plugins for Editor in 0.00 ms.
Initialize engine version: 2020.3.25f1 (9b9180224418)
[Subsystems] Discovering subsystems at path C:/Program Files/Unity/Hub/Editor/2020.3.25f1/Editor/Data/Resources/UnitySubsystems
[Subsystems] Discovering subsystems at path C:/Users/user/Desktop/20220222_40725017/20220222_40725017/Assets
GfxDevice: creating device client; threaded=0
Direct3D:
    Version:  Direct3D 11.0 [level 11.1]
    Renderer: NVIDIA GeForce GTX 1650 SUPER (ID=0x2187)
    Vendor:   
    VRAM:     3955 MB
    Driver:   27.21.14.5671
Initialize mono
Mono path[0] = 'C:/Program Files/Unity/Hub/Editor/2020.3.25f1/Editor/Data/Managed'
Mono path[1] = 'C:/Program Files/Unity/Hub/Editor/2020.3.25f1/Editor/Data/MonoBleedingEdge/lib/mono/unityjit'
Mono config path = 'C:/Program Files/Unity/Hub/Editor/2020.3.25f1/Editor/Data/MonoBleedingEdge/etc'
Using monoOptions --debugger-agent=transport=dt_socket,embedding=1,server=y,suspend=n,address=127.0.0.1:56228
Begin MonoManager ReloadAssembly
Registering precompiled unity dll's ...
Register platform support module: C:/Program Files/Unity/Hub/Editor/2020.3.25f1/Editor/Data/PlaybackEngines/WebGLSupport/UnityEditor.WebGL.Extensions.dll
Register platform support module: C:/Program Files/Unity/Hub/Editor/2020.3.25f1/Editor/Data/PlaybackEngines/WindowsStandaloneSupport/UnityEditor.WindowsStandalone.Extensions.dll
Registered in 0.004238 seconds.
Native extension for WindowsStandalone target not found
Native extension for WebGL target not found
Refreshing native plugins compatible for Editor in 35.96 ms, found 3 plugins.
Preloading 0 native plugins for Editor in 0.00 ms.
Mono: successfully reloaded assembly
- Completed reload, in  0.508 seconds
Domain Reload Profiling:
	ReloadAssembly (508ms)
		BeginReloadAssembly (61ms)
			ExecutionOrderSort (0ms)
			DisableScriptedObjects (0ms)
			BackupInstance (0ms)
			ReleaseScriptingObjects (0ms)
			CreateAndSetChildDomain (1ms)
		EndReloadAssembly (377ms)
			LoadAssemblies (58ms)
			RebuildTransferFunctionScriptingTraits (0ms)
			SetupTypeCache (121ms)
			ReleaseScriptCaches (0ms)
			RebuildScriptCaches (27ms)
			SetupLoadedEditorAssemblies (136ms)
				LogAssemblyErrors (0ms)
				InitializePlatformSupportModulesInManaged (5ms)
				SetLoadedEditorAssemblies (0ms)
				RefreshPlugins (36ms)
				BeforeProcessingInitializeOnLoad (8ms)
				ProcessInitializeOnLoadAttributes (65ms)
				ProcessInitializeOnLoadMethodAttributes (22ms)
				AfterProcessingInitializeOnLoad (0ms)
				EditorAssembliesLoaded (0ms)
			ExecutionOrderSort2 (0ms)
			AwakeInstancesAfterBackupRestoration (0ms)
Platform modules already initialized, skipping
Registering precompiled user dll's ...
Registered in 0.005828 seconds.
Begin MonoManager ReloadAssembly
Native extension for WindowsStandalone target not found
Native extension for WebGL target not found
Refreshing native plugins compatible for Editor in 35.61 ms, found 3 plugins.
Preloading 0 native plugins for Editor in 0.00 ms.
Mono: successfully reloaded assembly
- Completed reload, in  0.974 seconds
Domain Reload Profiling:
	ReloadAssembly (975ms)
		BeginReloadAssembly (134ms)
			ExecutionOrderSort (0ms)
			DisableScriptedObjects (4ms)
			BackupInstance (0ms)
			ReleaseScriptingObjects (0ms)
			CreateAndSetChildDomain (14ms)
		EndReloadAssembly (780ms)
			LoadAssemblies (96ms)
			RebuildTransferFunctionScriptingTraits (0ms)
			SetupTypeCache (249ms)
			ReleaseScriptCaches (0ms)
			RebuildScriptCaches (40ms)
			SetupLoadedEditorAssemblies (299ms)
				LogAssemblyErrors (0ms)
				InitializePlatformSupportModulesInManaged (4ms)
				SetLoadedEditorAssemblies (0ms)
				RefreshPlugins (36ms)
				BeforeProcessingInitializeOnLoad (74ms)
				ProcessInitializeOnLoadAttributes (158ms)
				ProcessInitializeOnLoadMethodAttributes (14ms)
				AfterProcessingInitializeOnLoad (13ms)
				EditorAssembliesLoaded (0ms)
			ExecutionOrderSort2 (0ms)
			AwakeInstancesAfterBackupRestoration (6ms)
Platform modules already initialized, skipping
========================================================================
Worker process is ready to serve import requests
Launched and connected shader compiler UnityShaderCompiler.exe after 0.03 seconds
Refreshing native plugins compatible for Editor in 0.43 ms, found 3 plugins.
Preloading 0 native plugins for Editor in 0.00 ms.
Unloading 2194 Unused Serialized files (Serialized files now loaded: 0)
System memory in use before: 95.8 MB.
System memory in use after: 95.9 MB.

Unloading 28 unused Assets to reduce memory usage. Loaded Objects now: 2627.
Total: 2.822200 ms (FindLiveObjects: 0.137200 ms CreateObjectMapping: 0.066000 ms MarkObjects: 2.445100 ms  DeleteObjects: 0.173100 ms)

AssetImportParameters requested are different than current active one (requested -> active):
  custom:framework-win-MediaFoundation: 216162199b28c13a410421893ffa2e32 -> 
  custom:video-decoder-ogg-theora: a1e56fd34408186e4bbccfd4996cb3dc -> 
  custom:container-muxer-webm: aa71ff27fc2769a1b78a27578f13a17b -> 
  custom:container-demuxer-webm: 4f35f7cbe854078d1ac9338744f61a02 -> 
  custom:container-demuxer-ogg: 62fdf1f143b41e24485cea50d1cbac27 -> 
  custom:video-encoder-webm-vp8: eb34c28f22e8b96e1ab97ce403110664 -> 
  custom:video-decoder-webm-vp8: 9c59270c3fd7afecdb556c50c9e8de78 -> 
  custom:audio-decoder-ogg-vorbis: bf7c407c2cedff20999df2af8eb42d56 -> 
  custom:audio-encoder-webm-vorbis: bf7c407c2cedff20999df2af8eb42d56 -> 
========================================================================
Received Import Request.
  path: Assets/mystic_woods_free_v0.2/sprites
  artifactKey: Guid(c1127fd092d223c4c903099a219529b0) Importer(815301076,1909f56bfc062723c751e8b465ee728b)
Start importing Assets/mystic_woods_free_v0.2/sprites using Guid(c1127fd092d223c4c903099a219529b0) Importer(815301076,1909f56bfc062723c751e8b465ee728b)  -> (artifact id: '72a3d10705e4aa3bb1096829293180da') in 0.003651 seconds 
  Import took 0.005958 seconds .

========================================================================
Received Import Request.
  Time since last request: 1.465385 seconds.
  path: Assets/mystic_woods_free_v0.2/sprites/objects
  artifactKey: Guid(d1b0b26115030f34f9e228d89439df82) Importer(815301076,1909f56bfc062723c751e8b465ee728b)
Start importing Assets/mystic_woods_free_v0.2/sprites/objects using Guid(d1b0b26115030f34f9e228d89439df82) Importer(815301076,1909f56bfc062723c751e8b465ee728b)  -> (artifact id: 'e36c588a2c191eda978599c7495fee98') in 0.001551 seconds 
  Import took 0.004386 seconds .

========================================================================
Received Import Request.
  Time since last request: 0.059182 seconds.
  path: Assets/mystic_woods_free_v0.2/sprites/objects/chest_01.png
  artifactKey: Guid(267c726cd6d570c4b8874d72890da94e) Importer(815301076,1909f56bfc062723c751e8b465ee728b)
Start importing Assets/mystic_woods_free_v0.2/sprites/objects/chest_01.png using Guid(267c726cd6d570c4b8874d72890da94e) Importer(815301076,1909f56bfc062723c751e8b465ee728b)  -> (artifact id: '25b18f7fa64403e999eca2b0662e7248') in 0.111697 seconds 
  Import took 0.114428 seconds .

========================================================================
Received Import Request.
  Time since last request: 0.000271 seconds.
  path: Assets/mystic_woods_free_v0.2/sprites/objects/objects.png
  artifactKey: Guid(c5084ebc31fd1c94ab570f90fe9dfbc1) Importer(815301076,1909f56bfc062723c751e8b465ee728b)
Start importing Assets/mystic_woods_free_v0.2/sprites/objects/objects.png using Guid(c5084ebc31fd1c94ab570f90fe9dfbc1) Importer(815301076,1909f56bfc062723c751e8b465ee728b)  -> (artifact id: 'a5152fd5e9a3b48df414fb1d8e21655e') in 0.019914 seconds 
  Import took 0.022338 seconds .

========================================================================
Received Import Request.
  Time since last request: 51.130996 seconds.
  path: Assets/mystic_woods_free_v0.2/sprites/characters/player.png
  artifactKey: Guid(9a6669496fb48324295fc71f3b428059) Importer(815301076,1909f56bfc062723c751e8b465ee728b)
Start importing Assets/mystic_woods_free_v0.2/sprites/characters/player.png using Guid(9a6669496fb48324295fc71f3b428059) Importer(815301076,1909f56bfc062723c751e8b465ee728b)  -> (artifact id: '3662bd215c9da3200a14d88d33f389f4') in 0.011282 seconds 
  Import took 0.014120 seconds .

========================================================================
Received Import Request.
  Time since last request: 0.000238 seconds.
  path: Assets/mystic_woods_free_v0.2/sprites/characters/slime.png
  artifactKey: Guid(f5efafa9b7575d1478bd6abb721274c8) Importer(815301076,1909f56bfc062723c751e8b465ee728b)
Start importing Assets/mystic_woods_free_v0.2/sprites/characters/slime.png using Guid(f5efafa9b7575d1478bd6abb721274c8) Importer(815301076,1909f56bfc062723c751e8b465ee728b)  -> (artifact id: 'd46dc397e3786ad7f5ca872b3a87b5da') in 0.013540 seconds 
  Import took 0.016488 seconds .

========================================================================
Received Import Request.
  Time since last request: 1.928677 seconds.
  path: Assets/mystic_woods_free_v0.2/sprites/particles/dust_particles_01.png
  artifactKey: Guid(94472f2d06abb3843af68bd466fe09bd) Importer(815301076,1909f56bfc062723c751e8b465ee728b)
Start importing Assets/mystic_woods_free_v0.2/sprites/particles/dust_particles_01.png using Guid(94472f2d06abb3843af68bd466fe09bd) Importer(815301076,1909f56bfc062723c751e8b465ee728b)  -> (artifact id: '7170368f1bf7ae2cf5f1e47aa3fd1211') in 0.010783 seconds 
  Import took 0.014153 seconds .

========================================================================
Received Import Request.
  Time since last request: 8.449815 seconds.
  path: Assets/mystic_woods_free_v0.2/sprites/tilesets/floors/wooden.png
  artifactKey: Guid(1d79f2bcaa880104897a73da359ddb55) Importer(815301076,1909f56bfc062723c751e8b465ee728b)
Start importing Assets/mystic_woods_free_v0.2/sprites/tilesets/floors/wooden.png using Guid(1d79f2bcaa880104897a73da359ddb55) Importer(815301076,1909f56bfc062723c751e8b465ee728b)  -> (artifact id: '1464088cdaccc3845e3b10681fa93c0b') in 0.010468 seconds 
  Import took 0.013346 seconds .

========================================================================
Received Import Request.
  Time since last request: 0.450962 seconds.
  path: Assets/mystic_woods_free_v0.2/sprites/tilesets/walls/walls.png
  artifactKey: Guid(bedd25c19e01409469f396a60c8a692a) Importer(815301076,1909f56bfc062723c751e8b465ee728b)
Start importing Assets/mystic_woods_free_v0.2/sprites/tilesets/walls/walls.png using Guid(bedd25c19e01409469f396a60c8a692a) Importer(815301076,1909f56bfc062723c751e8b465ee728b)  -> (artifact id: '353074b2f9e59ce67d8c07603c24042c') in 0.012887 seconds 
  Import took 0.015939 seconds .

========================================================================
Received Import Request.
  Time since last request: 0.000202 seconds.
  path: Assets/mystic_woods_free_v0.2/sprites/tilesets/walls/wooden_door_b.png
  artifactKey: Guid(4a335d825b88bda408c7283f80e55aca) Importer(815301076,1909f56bfc062723c751e8b465ee728b)
Start importing Assets/mystic_woods_free_v0.2/sprites/tilesets/walls/wooden_door_b.png using Guid(4a335d825b88bda408c7283f80e55aca) Importer(815301076,1909f56bfc062723c751e8b465ee728b)  -> (artifact id: 'f0d7234b79d11748b4abc1c7ab67689d') in 0.012671 seconds 
  Import took 0.015460 seconds .

========================================================================
Received Import Request.
  Time since last request: 0.000278 seconds.
  path: Assets/mystic_woods_free_v0.2/sprites/tilesets/walls/wooden_door.png
  artifactKey: Guid(95c429277208e674da233b36b82eccca) Importer(815301076,1909f56bfc062723c751e8b465ee728b)
Start importing Assets/mystic_woods_free_v0.2/sprites/tilesets/walls/wooden_door.png using Guid(95c429277208e674da233b36b82eccca) Importer(815301076,1909f56bfc062723c751e8b465ee728b)  -> (artifact id: '5df6fa3907fbe8f6002c7a318b2ef7db') in 0.013386 seconds 
  Import took 0.016381 seconds .

========================================================================
Received Import Request.
  Time since last request: 8.165235 seconds.
  path: Assets/mystic_woods_free_v0.2/sprites/particles
  artifactKey: Guid(ce0225853706d53499058836e97b1136) Importer(815301076,1909f56bfc062723c751e8b465ee728b)
Start importing Assets/mystic_woods_free_v0.2/sprites/particles using Guid(ce0225853706d53499058836e97b1136) Importer(815301076,1909f56bfc062723c751e8b465ee728b)  -> (artifact id: 'f3939881451eba67803d5c9ebdee0a45') in 0.002167 seconds 
  Import took 0.004856 seconds .

========================================================================
Received Import Request.
  Time since last request: 5.973071 seconds.
  path: Assets/mystic_woods_free_v0.2/sprites/tilesets/decor_8x8.png
  artifactKey: Guid(7569dd151b6a92144b41debb8d8f3b4d) Importer(815301076,1909f56bfc062723c751e8b465ee728b)
Start importing Assets/mystic_woods_free_v0.2/sprites/tilesets/decor_8x8.png using Guid(7569dd151b6a92144b41debb8d8f3b4d) Importer(815301076,1909f56bfc062723c751e8b465ee728b)  -> (artifact id: '7cf5c62de3b593099961de79ab400497') in 0.007951 seconds 
  Import took 0.010694 seconds .

========================================================================
Received Import Request.
  Time since last request: 0.389162 seconds.
  path: Assets/mystic_woods_free_v0.2/sprites/tilesets/decor_16x16.png
  artifactKey: Guid(2f72156676f61664fa8d797da1b373a5) Importer(815301076,1909f56bfc062723c751e8b465ee728b)
Start importing Assets/mystic_woods_free_v0.2/sprites/tilesets/decor_16x16.png using Guid(2f72156676f61664fa8d797da1b373a5) Importer(815301076,1909f56bfc062723c751e8b465ee728b)  -> (artifact id: '13f1d21dd23c9abb589c8c42a1d298dd') in 0.009675 seconds 
  Import took 0.012436 seconds .

========================================================================
Received Import Request.
  Time since last request: 0.507606 seconds.
  path: Assets/mystic_woods_free_v0.2/sprites/tilesets/grass.png
  artifactKey: Guid(824b64038a024984a912826e62ed1ef0) Importer(815301076,1909f56bfc062723c751e8b465ee728b)
Start importing Assets/mystic_woods_free_v0.2/sprites/tilesets/grass.png using Guid(824b64038a024984a912826e62ed1ef0) Importer(815301076,1909f56bfc062723c751e8b465ee728b)  -> (artifact id: 'd44174c9aca7fefbd82b9c8d8195ad26') in 0.009672 seconds 
  Import took 0.012663 seconds .

========================================================================
Received Import Request.
  Time since last request: 61.508978 seconds.
  path: Assets/mystic_woods_free_v0.2/sprites/objects/objects.png
  artifactKey: Guid(c5084ebc31fd1c94ab570f90fe9dfbc1) Importer(815301076,1909f56bfc062723c751e8b465ee728b)
Start importing Assets/mystic_woods_free_v0.2/sprites/objects/objects.png using Guid(c5084ebc31fd1c94ab570f90fe9dfbc1) Importer(815301076,1909f56bfc062723c751e8b465ee728b)  -> (artifact id: '0fabf7ef2fa5f1ef6eef7e7b8a79d435') in 0.005662 seconds 
  Import took 0.008457 seconds .

========================================================================
Received Import Request.
  Time since last request: 168.269292 seconds.
  path: Assets/mystic_woods_free_v0.2/sprites/tilesets/fences.png
  artifactKey: Guid(b1770581009c25f4881a1370dfdfd289) Importer(815301076,1909f56bfc062723c751e8b465ee728b)
Start importing Assets/mystic_woods_free_v0.2/sprites/tilesets/fences.png using Guid(b1770581009c25f4881a1370dfdfd289) Importer(815301076,1909f56bfc062723c751e8b465ee728b)  -> (artifact id: '1cf2e2ce240939ced71c58cb7f5efd93') in 0.011000 seconds 
  Import took 0.014055 seconds .

========================================================================
Received Import Request.
  Time since last request: 5.058083 seconds.
  path: Assets/mystic_woods_free_v0.2/sprites/tilesets/plains.png
  artifactKey: Guid(9b97488657057fa4c84a14f22645c122) Importer(815301076,1909f56bfc062723c751e8b465ee728b)
Start importing Assets/mystic_woods_free_v0.2/sprites/tilesets/plains.png using Guid(9b97488657057fa4c84a14f22645c122) Importer(815301076,1909f56bfc062723c751e8b465ee728b)  -> (artifact id: '6d483a5ef4ff83691f28158a343548e0') in 0.009082 seconds 
  Import took 0.012479 seconds .

========================================================================
Received Import Request.
  Time since last request: 0.322883 seconds.
  path: Assets/mystic_woods_free_v0.2/read_me.txt
  artifactKey: Guid(f5ca6f3e54d8dac46ab840bd73db876a) Importer(815301076,1909f56bfc062723c751e8b465ee728b)
Start importing Assets/mystic_woods_free_v0.2/read_me.txt using Guid(f5ca6f3e54d8dac46ab840bd73db876a) Importer(815301076,1909f56bfc062723c751e8b465ee728b)  -> (artifact id: '0c096a306781278526b7833be9e035c4') in 0.005546 seconds 
  Import took 0.008539 seconds .

========================================================================
Received Import Request.
  Time since last request: 0.696554 seconds.
  path: Assets/mystic_woods_free_v0.2/sprites/tilesets/water_decorations.png
  artifactKey: Guid(3c8932fa8d0e0634b99c1e02d1110292) Importer(815301076,1909f56bfc062723c751e8b465ee728b)
Start importing Assets/mystic_woods_free_v0.2/sprites/tilesets/water_decorations.png using Guid(3c8932fa8d0e0634b99c1e02d1110292) Importer(815301076,1909f56bfc062723c751e8b465ee728b)  -> (artifact id: '7c3d085c3bac97e1748124a389ee5f8e') in 0.008910 seconds 
  Import took 0.011856 seconds .

========================================================================
Received Import Request.
  Time since last request: 102.760747 seconds.
  path: Assets/mystic_woods_free_v0.2/sprites/tilesets/plains.png
  artifactKey: Guid(9b97488657057fa4c84a14f22645c122) Importer(815301076,1909f56bfc062723c751e8b465ee728b)
Start importing Assets/mystic_woods_free_v0.2/sprites/tilesets/plains.png using Guid(9b97488657057fa4c84a14f22645c122) Importer(815301076,1909f56bfc062723c751e8b465ee728b)  -> (artifact id: 'ad8d61f08d27a8876618200457d904ee') in 0.006145 seconds 
  Import took 0.008966 seconds .

========================================================================
Received Import Request.
  Time since last request: 79.479615 seconds.
  path: Assets/mystic_woods_free_v0.2/sprites/tilesets/plains.png
  artifactKey: Guid(9b97488657057fa4c84a14f22645c122) Importer(815301076,1909f56bfc062723c751e8b465ee728b)
Start importing Assets/mystic_woods_free_v0.2/sprites/tilesets/plains.png using Guid(9b97488657057fa4c84a14f22645c122) Importer(815301076,1909f56bfc062723c751e8b465ee728b)  -> (artifact id: '1daafe20886d8db69a6832e8dc1fb47c') in 0.099357 seconds 
  Import took 0.103019 seconds .

========================================================================
Received Import Request.
  Time since last request: 71.200073 seconds.
  path: Assets/mystic_woods_free_v0.2/sprites/tilesets/fences.png
  artifactKey: Guid(b1770581009c25f4881a1370dfdfd289) Importer(815301076,1909f56bfc062723c751e8b465ee728b)
Start importing Assets/mystic_woods_free_v0.2/sprites/tilesets/fences.png using Guid(b1770581009c25f4881a1370dfdfd289) Importer(815301076,1909f56bfc062723c751e8b465ee728b)  -> (artifact id: '41fce8e558247ef7227ba60ec9ad4145') in 0.005983 seconds 
  Import took 0.008675 seconds .

========================================================================
Received Import Request.
  Time since last request: 7.989244 seconds.
  path: Assets/mystic_woods_free_v0.2/sprites/tilesets/fences.png
  artifactKey: Guid(b1770581009c25f4881a1370dfdfd289) Importer(815301076,1909f56bfc062723c751e8b465ee728b)
Start importing Assets/mystic_woods_free_v0.2/sprites/tilesets/fences.png using Guid(b1770581009c25f4881a1370dfdfd289) Importer(815301076,1909f56bfc062723c751e8b465ee728b)  -> (artifact id: 'b488c522159a33851d8b1e31a783ce63') in 0.056846 seconds 
  Import took 0.059538 seconds .

========================================================================
Received Import Request.
  Time since last request: 248.815668 seconds.
  path: Assets/mystic_woods_free_v0.2/sprites/tilesets/plains 1.png
  artifactKey: Guid(6de2a19476707b4438a3e276b56581a1) Importer(815301076,1909f56bfc062723c751e8b465ee728b)
Start importing Assets/mystic_woods_free_v0.2/sprites/tilesets/plains 1.png using Guid(6de2a19476707b4438a3e276b56581a1) Importer(815301076,1909f56bfc062723c751e8b465ee728b)  -> (artifact id: '7dc45f6a544ea0e59b1788aab2207219') in 0.124706 seconds 
  Import took 0.127818 seconds .

========================================================================
Received Import Request.
  Time since last request: 46.856198 seconds.
  path: Assets/mystic_woods_free_v0.2/sprites/tilesets/森林調色器
  artifactKey: Guid(17cab0f2ac478a540883185812761c51) Importer(815301076,1909f56bfc062723c751e8b465ee728b)
Start importing Assets/mystic_woods_free_v0.2/sprites/tilesets/森林調色器 using Guid(17cab0f2ac478a540883185812761c51) Importer(815301076,1909f56bfc062723c751e8b465ee728b)  -> (artifact id: '81f22e600a4f9b23134a070ce2fc166c') in 0.001909 seconds 
  Import took 0.004895 seconds .

========================================================================
Received Import Request.
  Time since last request: 20.370576 seconds.
  path: Assets/mystic_woods_free_v0.2/sprites/characters
  artifactKey: Guid(fadae4d9495d6f045b165f1a4d277142) Importer(815301076,1909f56bfc062723c751e8b465ee728b)
Start importing Assets/mystic_woods_free_v0.2/sprites/characters using Guid(fadae4d9495d6f045b165f1a4d277142) Importer(815301076,1909f56bfc062723c751e8b465ee728b)  -> (artifact id: 'eae6574b090c6a85ceaae536151fd40a') in 0.002138 seconds 
  Import took 0.005202 seconds .

========================================================================
Received Import Request.
  Time since last request: 8.004124 seconds.
  path: Assets/mystic_woods_free_v0.2/sprites/tilesets/floors
  artifactKey: Guid(1f5d4936424ccf74384177cfe7697f3b) Importer(815301076,1909f56bfc062723c751e8b465ee728b)
Start importing Assets/mystic_woods_free_v0.2/sprites/tilesets/floors using Guid(1f5d4936424ccf74384177cfe7697f3b) Importer(815301076,1909f56bfc062723c751e8b465ee728b)  -> (artifact id: '6ecb85beadcb77ac51238aecad7b9e90') in 0.001827 seconds 
  Import took 0.004878 seconds .

========================================================================
Received Import Request.
  Time since last request: 3.028453 seconds.
  path: Assets/mystic_woods_free_v0.2/sprites/tilesets/walls
  artifactKey: Guid(5e2c1aae88364734199ee9ce8d89fdda) Importer(815301076,1909f56bfc062723c751e8b465ee728b)
Start importing Assets/mystic_woods_free_v0.2/sprites/tilesets/walls using Guid(5e2c1aae88364734199ee9ce8d89fdda) Importer(815301076,1909f56bfc062723c751e8b465ee728b)  -> (artifact id: 'f50969d84d1da8fa4e09453a7a5e333f') in 0.001746 seconds 
  Import took 0.005062 seconds .

========================================================================
Received Import Request.
  Time since last request: 433.847612 seconds.
  path: Assets/Scenes
  artifactKey: Guid(77f0903bac6ff5b43abe35ef450a0eea) Importer(815301076,1909f56bfc062723c751e8b465ee728b)
Start importing Assets/Scenes using Guid(77f0903bac6ff5b43abe35ef450a0eea) Importer(815301076,1909f56bfc062723c751e8b465ee728b)  -> (artifact id: 'ac909a3f7007ec90d8b6ea74f198a0ad') in 0.001776 seconds 
  Import took 0.004542 seconds .

========================================================================
Received Import Request.
  Time since last request: 9.620553 seconds.
  path: Assets/Scenes/森林調色器.prefab
  artifactKey: Guid(cc15db03e4e198246b9b9e0d1de034dd) Importer(815301076,1909f56bfc062723c751e8b465ee728b)
Start importing Assets/Scenes/森林調色器.prefab using Guid(cc15db03e4e198246b9b9e0d1de034dd) Importer(815301076,1909f56bfc062723c751e8b465ee728b)  -> (artifact id: 'e0508ed78e575589a485ba15c91adf2d') in 0.025625 seconds 
  Import took 0.028548 seconds .

========================================================================
Received Import Request.
  Time since last request: 0.925893 seconds.
  path: Assets/Scenes/plains_21.asset
  artifactKey: Guid(8bc4c41e5f54d334fb215d56f791420d) Importer(815301076,1909f56bfc062723c751e8b465ee728b)
Start importing Assets/Scenes/plains_21.asset using Guid(8bc4c41e5f54d334fb215d56f791420d) Importer(815301076,1909f56bfc062723c751e8b465ee728b)  -> (artifact id: '32d8c0dc66069c5fb3c79b7d39e29710') in 0.015284 seconds 
  Import took 0.018245 seconds .

========================================================================
Received Import Request.
  Time since last request: 325.650655 seconds.
  path: Assets/Scenes/plains_1.asset
  artifactKey: Guid(b5a3b0ecf932e0946aea310a7bfa0df3) Importer(815301076,1909f56bfc062723c751e8b465ee728b)
Start importing Assets/Scenes/plains_1.asset using Guid(b5a3b0ecf932e0946aea310a7bfa0df3) Importer(815301076,1909f56bfc062723c751e8b465ee728b)  -> (artifact id: '0ae01530c381aa523f8a96043732b85a') in 0.010388 seconds 
  Import took 0.013678 seconds .

========================================================================
Received Import Request.
  Time since last request: 0.393807 seconds.
  path: Assets/Scenes/plains_0.asset
  artifactKey: Guid(f9d09c8435f7b504cb87aca22023310b) Importer(815301076,1909f56bfc062723c751e8b465ee728b)
Start importing Assets/Scenes/plains_0.asset using Guid(f9d09c8435f7b504cb87aca22023310b) Importer(815301076,1909f56bfc062723c751e8b465ee728b)  -> (artifact id: '15e49a6a201514ba3f48691eabeb96f2') in 0.011291 seconds 
  Import took 0.014708 seconds .

========================================================================
Received Import Request.
  Time since last request: 4.690509 seconds.
  path: Assets/Scenes/plains_2.asset
  artifactKey: Guid(6d082f37c3c99fa4aa5967014973c90a) Importer(815301076,1909f56bfc062723c751e8b465ee728b)
Start importing Assets/Scenes/plains_2.asset using Guid(6d082f37c3c99fa4aa5967014973c90a) Importer(815301076,1909f56bfc062723c751e8b465ee728b)  -> (artifact id: 'cc98d4fac608ff03f1125bcc2acbf2c7') in 0.006772 seconds 
  Import took 0.009845 seconds .

========================================================================
Received Import Request.
  Time since last request: 0.381289 seconds.
  path: Assets/Scenes/plains_3.asset
  artifactKey: Guid(b3a2cfccea9e2d74fb9a3012529c63e3) Importer(815301076,1909f56bfc062723c751e8b465ee728b)
Start importing Assets/Scenes/plains_3.asset using Guid(b3a2cfccea9e2d74fb9a3012529c63e3) Importer(815301076,1909f56bfc062723c751e8b465ee728b)  -> (artifact id: '2e7f3c458a6c03d18d7bdd501834c677') in 0.007738 seconds 
  Import took 0.011056 seconds .

========================================================================
Received Import Request.
  Time since last request: 0.396613 seconds.
  path: Assets/Scenes/plains_4.asset
  artifactKey: Guid(90ddb03ebf8a91a499c5be61870fc006) Importer(815301076,1909f56bfc062723c751e8b465ee728b)
Start importing Assets/Scenes/plains_4.asset using Guid(90ddb03ebf8a91a499c5be61870fc006) Importer(815301076,1909f56bfc062723c751e8b465ee728b)  -> (artifact id: '88c6d6fb381fcc121afab3c40deaa590') in 0.006953 seconds 
  Import took 0.009780 seconds .

========================================================================
Received Import Request.
  Time since last request: 488.400091 seconds.
  path: Assets/mystic_woods_free_v0.2/sprites/tilesets/grass.png
  artifactKey: Guid(824b64038a024984a912826e62ed1ef0) Importer(815301076,1909f56bfc062723c751e8b465ee728b)
Start importing Assets/mystic_woods_free_v0.2/sprites/tilesets/grass.png using Guid(824b64038a024984a912826e62ed1ef0) Importer(815301076,1909f56bfc062723c751e8b465ee728b)  -> (artifact id: '5a708deb2ebd34052d580934f74e89a5') in 0.007068 seconds 
  Import took 0.009853 seconds .

========================================================================
Received Import Request.
  Time since last request: 35.753968 seconds.
  path: Assets/mystic_woods_free_v0.2/sprites/tilesets/plains 1.png
  artifactKey: Guid(6de2a19476707b4438a3e276b56581a1) Importer(815301076,1909f56bfc062723c751e8b465ee728b)
Start importing Assets/mystic_woods_free_v0.2/sprites/tilesets/plains 1.png using Guid(6de2a19476707b4438a3e276b56581a1) Importer(815301076,1909f56bfc062723c751e8b465ee728b)  -> (artifact id: 'bed14f3ae2736c738ae14bf21c15bdd8') in 0.106074 seconds 
  Import took 0.109955 seconds .

========================================================================
Received Import Request.
  Time since last request: 50.951589 seconds.
  path: Assets/mystic_woods_free_v0.2/sprites/tilesets/plains.png
  artifactKey: Guid(9b97488657057fa4c84a14f22645c122) Importer(815301076,1909f56bfc062723c751e8b465ee728b)
Start importing Assets/mystic_woods_free_v0.2/sprites/tilesets/plains.png using Guid(9b97488657057fa4c84a14f22645c122) Importer(815301076,1909f56bfc062723c751e8b465ee728b)  -> (artifact id: 'd5d5075d564f2693618179bee51beb03') in 0.107427 seconds 
  Import took 0.110169 seconds .

========================================================================
Received Import Request.
  Time since last request: 842.438537 seconds.
  path: Assets/mystic_woods_free_v0.2/sprites/tilesets
  artifactKey: Guid(065ce83f09108d74c852a4d3856f43f1) Importer(815301076,1909f56bfc062723c751e8b465ee728b)
Start importing Assets/mystic_woods_free_v0.2/sprites/tilesets using Guid(065ce83f09108d74c852a4d3856f43f1) Importer(815301076,1909f56bfc062723c751e8b465ee728b)  -> (artifact id: '615f810c63e4eb2e63049b613542f579') in 0.002101 seconds 
  Import took 0.005010 seconds .

========================================================================
Received Import Request.
  Time since last request: 220.142154 seconds.
  path: Assets/mystic_woods_free_v0.2/sprites/tilesets/fences.png
  artifactKey: Guid(b1770581009c25f4881a1370dfdfd289) Importer(815301076,1909f56bfc062723c751e8b465ee728b)
Start importing Assets/mystic_woods_free_v0.2/sprites/tilesets/fences.png using Guid(b1770581009c25f4881a1370dfdfd289) Importer(815301076,1909f56bfc062723c751e8b465ee728b)  -> (artifact id: '5b23ecf91a8df463d1a9c915cab4caf7') in 0.043237 seconds 
  Import took 0.045998 seconds .

========================================================================
Received Import Request.
  Time since last request: 769.440391 seconds.
  path: Assets/mystic_woods_free_v0.2/objects.png
  artifactKey: Guid(fee169c941845d84cb64a02a4f0d1337) Importer(815301076,1909f56bfc062723c751e8b465ee728b)
Start importing Assets/mystic_woods_free_v0.2/objects.png using Guid(fee169c941845d84cb64a02a4f0d1337) Importer(815301076,1909f56bfc062723c751e8b465ee728b)  -> (artifact id: '593681a0e7897f8e20b5fc16ca897482') in 0.012175 seconds 
  Import took 0.015119 seconds .

========================================================================
Received Import Request.
  Time since last request: 12.009380 seconds.
  path: Assets/mystic_woods_free_v0.2/objects.png
  artifactKey: Guid(fee169c941845d84cb64a02a4f0d1337) Importer(815301076,1909f56bfc062723c751e8b465ee728b)
Start importing Assets/mystic_woods_free_v0.2/objects.png using Guid(fee169c941845d84cb64a02a4f0d1337) Importer(815301076,1909f56bfc062723c751e8b465ee728b)  -> (artifact id: '2319e5bb4c8aaff61eb61bee02014353') in 0.007959 seconds 
  Import took 0.010701 seconds .

========================================================================
Received Import Request.
  Time since last request: 11.863266 seconds.
  path: Assets/mystic_woods_free_v0.2/objects.png
  artifactKey: Guid(fee169c941845d84cb64a02a4f0d1337) Importer(815301076,1909f56bfc062723c751e8b465ee728b)
Start importing Assets/mystic_woods_free_v0.2/objects.png using Guid(fee169c941845d84cb64a02a4f0d1337) Importer(815301076,1909f56bfc062723c751e8b465ee728b)  -> (artifact id: '153f04cb1b38c1ceb0537f1e275d35f2') in 0.066565 seconds 
  Import took 0.069414 seconds .

========================================================================
Received Import Request.
  Time since last request: 220.279290 seconds.
  path: Assets/fences_1.asset
  artifactKey: Guid(e85f0b50b164990498c53c8863a53514) Importer(815301076,1909f56bfc062723c751e8b465ee728b)
Start importing Assets/fences_1.asset using Guid(e85f0b50b164990498c53c8863a53514) Importer(815301076,1909f56bfc062723c751e8b465ee728b)  -> (artifact id: '5fef13b067f2e0718543f8a4442943e4') in 0.010458 seconds 
  Import took 0.013425 seconds .

========================================================================
Received Import Request.
  Time since last request: 0.402244 seconds.
  path: Assets/fences_2.asset
  artifactKey: Guid(057850381c27bc14f88c383739eb6de8) Importer(815301076,1909f56bfc062723c751e8b465ee728b)
Start importing Assets/fences_2.asset using Guid(057850381c27bc14f88c383739eb6de8) Importer(815301076,1909f56bfc062723c751e8b465ee728b)  -> (artifact id: '74a331c4ccacaa90e88731321561b2a0') in 0.011466 seconds 
  Import took 0.014696 seconds .

========================================================================
Received Import Request.
  Time since last request: 0.321108 seconds.
  path: Assets/fences_3.asset
  artifactKey: Guid(fc35f8d784156144d89517de8523f500) Importer(815301076,1909f56bfc062723c751e8b465ee728b)
Start importing Assets/fences_3.asset using Guid(fc35f8d784156144d89517de8523f500) Importer(815301076,1909f56bfc062723c751e8b465ee728b)  -> (artifact id: 'ff5840b347a22190bb605b79bb0dee36') in 0.007558 seconds 
  Import took 0.010889 seconds .

========================================================================
Received Import Request.
  Time since last request: 0.636939 seconds.
  path: Assets/fences_4.asset
  artifactKey: Guid(ba75f6fdb4ef3314e8f6945f5eebb600) Importer(815301076,1909f56bfc062723c751e8b465ee728b)
Start importing Assets/fences_4.asset using Guid(ba75f6fdb4ef3314e8f6945f5eebb600) Importer(815301076,1909f56bfc062723c751e8b465ee728b)  -> (artifact id: '4244cfd2df4bc19899afba34d99244d6') in 0.011162 seconds 
  Import took 0.014529 seconds .

========================================================================
Received Import Request.
  Time since last request: 40.175206 seconds.
  path: Assets/mystic_woods_free_v0.2/objects.png
  artifactKey: Guid(fee169c941845d84cb64a02a4f0d1337) Importer(815301076,1909f56bfc062723c751e8b465ee728b)
Start importing Assets/mystic_woods_free_v0.2/objects.png using Guid(fee169c941845d84cb64a02a4f0d1337) Importer(815301076,1909f56bfc062723c751e8b465ee728b)  -> (artifact id: '79e89a7166e02002f124e091a8e93dd6') in 0.071610 seconds 
  Import took 0.075150 seconds .

========================================================================
Received Import Request.
  Time since last request: 2325.454302 seconds.
  path: Assets/mystic_woods_free_v0.2
  artifactKey: Guid(7a0465678c171134f8d2c56d8e1b4a5e) Importer(815301076,1909f56bfc062723c751e8b465ee728b)
Start importing Assets/mystic_woods_free_v0.2 using Guid(7a0465678c171134f8d2c56d8e1b4a5e) Importer(815301076,1909f56bfc062723c751e8b465ee728b)  -> (artifact id: '5e0e82c82f6dd1753c3922b21ff1021c') in 0.001832 seconds 
  Import took 0.004692 seconds .

========================================================================
Received Import Request.
  Time since last request: 0.620449 seconds.
  path: Assets
  artifactKey: Guid(00000000000000001000000000000000) Importer(815301076,1909f56bfc062723c751e8b465ee728b)
Start importing Assets using Guid(00000000000000001000000000000000) Importer(815301076,1909f56bfc062723c751e8b465ee728b)  -> (artifact id: '42d402b061de3733987d63b9cc3b64de') in 0.002197 seconds 
  Import took 0.005420 seconds .

========================================================================
Received Import Request.
  Time since last request: 5.840387 seconds.
  path: Assets/0301.unity
  artifactKey: Guid(76c49328e4688494f9a96089957af329) Importer(815301076,1909f56bfc062723c751e8b465ee728b)
Start importing Assets/0301.unity using Guid(76c49328e4688494f9a96089957af329) Importer(815301076,1909f56bfc062723c751e8b465ee728b)  -> (artifact id: '4bfe0af3526ff54dbab6a6c4ccaf611b') in 0.003286 seconds 
  Import took 0.006426 seconds .

========================================================================
Received Import Request.
  Time since last request: 12.875154 seconds.
  path: Assets/fences_0.asset
  artifactKey: Guid(b3396178544671d48aab756100e6af36) Importer(815301076,1909f56bfc062723c751e8b465ee728b)
Start importing Assets/fences_0.asset using Guid(b3396178544671d48aab756100e6af36) Importer(815301076,1909f56bfc062723c751e8b465ee728b)  -> (artifact id: '9f0db953c75ba3ad9e92aa2ec7c0f8c0') in 0.006949 seconds 
  Import took 0.009726 seconds .

========================================================================
Received Import Request.
  Time since last request: 7.775868 seconds.
  path: Assets/樹木.prefab
  artifactKey: Guid(44d39042abd5de045a09b964b8bc1c32) Importer(815301076,1909f56bfc062723c751e8b465ee728b)
Start importing Assets/樹木.prefab using Guid(44d39042abd5de045a09b964b8bc1c32) Importer(815301076,1909f56bfc062723c751e8b465ee728b)  -> (artifact id: 'b2fea5d03cf6a05ede2ee055fafbc487') in 0.019878 seconds 
  Import took 0.022779 seconds .

========================================================================
Received Import Request.
  Time since last request: 0.480837 seconds.
  path: Assets/其他.prefab
  artifactKey: Guid(9c6ed3c8f2d0c5f4ea187ba976c8932c) Importer(815301076,1909f56bfc062723c751e8b465ee728b)
Start importing Assets/其他.prefab using Guid(9c6ed3c8f2d0c5f4ea187ba976c8932c) Importer(815301076,1909f56bfc062723c751e8b465ee728b)  -> (artifact id: '5f551db20a0cbee045c53b0d336338dd') in 0.014571 seconds 
  Import took 0.018598 seconds .

========================================================================
Received Import Request.
  Time since last request: 16.020971 seconds.
  path: Assets/objects_25.asset
  artifactKey: Guid(54be8d41797ca5d40bd4e2c218909b32) Importer(815301076,1909f56bfc062723c751e8b465ee728b)
Start importing Assets/objects_25.asset using Guid(54be8d41797ca5d40bd4e2c218909b32) Importer(815301076,1909f56bfc062723c751e8b465ee728b)  -> (artifact id: 'a6e74cadc22bc91a283abb7670dd4e22') in 0.006668 seconds 
  Import took 0.009631 seconds .

========================================================================
Received Import Request.
  Time since last request: 6.363286 seconds.
  path: Assets/New Folder
  artifactKey: Guid(73fa75f6668b1f6469ce0b2f07a07062) Importer(815301076,1909f56bfc062723c751e8b465ee728b)
Start importing Assets/New Folder using Guid(73fa75f6668b1f6469ce0b2f07a07062) Importer(815301076,1909f56bfc062723c751e8b465ee728b)  -> (artifact id: '718a3260b64a549ab8e413a31d3711fa') in 0.002097 seconds 
  Import took 0.005242 seconds .

========================================================================
Received Import Request.
  Time since last request: 6.083525 seconds.
  path: Assets/Square.png
  artifactKey: Guid(3a1472ac5eae0d34386c137b6d910a10) Importer(815301076,1909f56bfc062723c751e8b465ee728b)
Start importing Assets/Square.png using Guid(3a1472ac5eae0d34386c137b6d910a10) Importer(815301076,1909f56bfc062723c751e8b465ee728b)  -> (artifact id: 'd7c4cd91c1cb75564e8aede31f0d84d2') in 0.018234 seconds 
  Import took 0.021035 seconds .

========================================================================
Received Import Request.
  Time since last request: 20.443695 seconds.
  path: Assets/方形圖片.png
  artifactKey: Guid(3a1472ac5eae0d34386c137b6d910a10) Importer(815301076,1909f56bfc062723c751e8b465ee728b)
Start importing Assets/方形圖片.png using Guid(3a1472ac5eae0d34386c137b6d910a10) Importer(815301076,1909f56bfc062723c751e8b465ee728b)  -> (artifact id: 'e0a9edcb4d7d9b54989a1ac97df6c379') in 0.014116 seconds 
  Import took 0.017038 seconds .

========================================================================
Received Import Request.
  Time since last request: 564.502376 seconds.
  path: Assets/setofont/readme.txt
  artifactKey: Guid(14d00db170a1d7e43ad6d6ddcd73c9a0) Importer(815301076,1909f56bfc062723c751e8b465ee728b)
Start importing Assets/setofont/readme.txt using Guid(14d00db170a1d7e43ad6d6ddcd73c9a0) Importer(815301076,1909f56bfc062723c751e8b465ee728b)  -> (artifact id: '4a0fd7f5bb32cbb7940004f83d4bd764') in 0.002248 seconds 
  Import took 0.004872 seconds .

========================================================================
Received Import Request.
  Time since last request: 0.551466 seconds.
  path: Assets/setofont/setofont-ex.ttf
  artifactKey: Guid(4656eabd1d68d294180bcc649e93dcbd) Importer(815301076,1909f56bfc062723c751e8b465ee728b)
Start importing Assets/setofont/setofont-ex.ttf using Guid(4656eabd1d68d294180bcc649e93dcbd) Importer(815301076,1909f56bfc062723c751e8b465ee728b)  -> (artifact id: '967de6b5203262f83170ab5dd2c46300') in 0.028249 seconds 
  Import took 0.031122 seconds .

========================================================================
Received Import Request.
  Time since last request: 19.718141 seconds.
  path: Assets/setofont/setofont.ttf
  artifactKey: Guid(5ab12d398b049c04e922a519d637f2a4) Importer(815301076,1909f56bfc062723c751e8b465ee728b)
Start importing Assets/setofont/setofont.ttf using Guid(5ab12d398b049c04e922a519d637f2a4) Importer(815301076,1909f56bfc062723c751e8b465ee728b)  -> (artifact id: '562369c5a3bd36f0dc65a689718fcd34') in 0.018952 seconds 
  Import took 0.022373 seconds .

AssetImportWorkerClient::OnTransportError - code=2 error=End of file
